<?xml version="1.0" encoding="UTF-8" ?>
<testsuite 
errors="0" failures="0" hostname="wm059-b10" name="org.broadinstitute.dsde.test.api.RawlsApiSpec" tests="5" time="707.083" timestamp="2018-11-05T10:32:40">
  <properties>
[...]
</properties>
  <testcase 
  name="Rawls should give pets the same access as their owners" classname="org.broadinstitute.dsde.test.api.RawlsApiSpec" time="33.861">
</testcase>
  <testcase 
  name="Rawls should retrieve sub-workflow metadata and outputs from Cromwell" classname="org.broadinstitute.dsde.test.api.RawlsApiSpec" time="227.938">
</testcase>
  <testcase 
  name="Rawls should retrieve metadata with widely scattered sub-workflows in a short time" classname="org.broadinstitute.dsde.test.api.RawlsApiSpec" time="393.603">
</testcase>
  <testcase 
  name="Rawls should label low security bucket" classname="org.broadinstitute.dsde.test.api.RawlsApiSpec" time="31.592">
</testcase>
  <testcase 
  name="Rawls should label high security bucket" classname="org.broadinstitute.dsde.test.api.RawlsApiSpec" time="20.08">
</testcase>
  <system-out><![CDATA[]]></system-out>
  <system-err><![CDATA[]]></system-err>
</testsuite>
