<?xml version="1.0" encoding="UTF-8" ?>
<testsuite 
errors="0" failures="0" hostname="wm059-b10" name="org.broadinstitute.dsde.test.api.AuthDomainSpec" tests="7" time="91.78" timestamp="2018-11-05T10:32:39">
  <properties>
[...]
</properties>
  <testcase 
  name="AuthDomains should create and access a workspace with an auth domain" classname="org.broadinstitute.dsde.test.api.AuthDomainSpec" time="24.082">
</testcase>
  <testcase 
  name="AuthDomains should not create a workspace with a multi-group auth domain if you're not in all groups" classname="org.broadinstitute.dsde.test.api.AuthDomainSpec" time="3.009">
</testcase>
  <testcase 
  name="AuthDomains should do the right security when auth domain membership changes" classname="org.broadinstitute.dsde.test.api.AuthDomainSpec" time="11.366">
</testcase>
  <testcase 
  name="AuthDomains should do the right security when access group membership changes and there is an access" classname="org.broadinstitute.dsde.test.api.AuthDomainSpec" time="23.141">
</testcase>
  <testcase 
  name="AuthDomains should clone a workspace if the source has a multi-group auth domain and user is in all groups" classname="org.broadinstitute.dsde.test.api.AuthDomainSpec" time="12.138">
</testcase>
  <testcase 
  name="AuthDomains should clone a workspace if the user added a group to the source authorization domain" classname="org.broadinstitute.dsde.test.api.AuthDomainSpec" time="11.389">
</testcase>
  <testcase 
  name="AuthDomains should not allow changing a workspace's Realm if it exists" classname="org.broadinstitute.dsde.test.api.AuthDomainSpec" time="5.653">
</testcase>
  <system-out><![CDATA[]]></system-out>
  <system-err><![CDATA[]]></system-err>
</testsuite>
